<?xml version="1.0" encoding="UTF-8"?>
<!-- Generated by org.testng.reporters.JUnitReportReporter -->
<testsuite skipped="0" hostname="LENOVO" name="module2.SearchProduct" tests="1" failures="0" timestamp="19 Sep 2021 05:20:50 GMT" time="0.011" errors="0">
  <testcase name="testSearchProduct" time="0.011" classname="module2.SearchProduct"/>
</testsuite> <!-- module2.SearchProduct -->
