<?xml version="1.0" encoding="UTF-8"?>
<!-- Generated by org.testng.reporters.JUnitReportReporter -->
<testsuite skipped="0" hostname="LENOVO" name="module1.HTMLElementsTestNG" tests="1" failures="0" timestamp="30 Sep 2021 09:37:03 GMT" time="10.804" errors="0">
  <testcase name="testHTMLElements" time="10.804" classname="module1.HTMLElementsTestNG"/>
</testsuite> <!-- module1.HTMLElementsTestNG -->
