<?xml version="1.0" encoding="UTF-8"?>
<!-- Generated by org.testng.reporters.JUnitReportReporter -->
<testsuite skipped="0" hostname="LENOVO" name="module2.ChangePasswordTest" tests="1" failures="0" timestamp="19 Sep 2021 05:20:50 GMT" time="0.003" errors="0">
  <testcase name="testChangePwd" time="0.003" classname="module2.ChangePasswordTest"/>
</testsuite> <!-- module2.ChangePasswordTest -->
