<?xml version="1.0" encoding="UTF-8"?>
<!-- Generated by org.testng.reporters.JUnitReportReporter -->
<testsuite skipped="0" hostname="LENOVO" name="module1.RegisterTest" tests="2" failures="0" timestamp="19 Sep 2021 05:20:50 GMT" time="0.019" errors="0">
  <testcase name="positiveRegisterTest" time="0.014" classname="module1.RegisterTest"/>
  <testcase name="negativeRegisterTest" time="0.005" classname="module1.RegisterTest"/>
</testsuite> <!-- module1.RegisterTest -->
