<?xml version="1.0" encoding="UTF-8"?>
<!-- Generated by org.testng.reporters.JUnitReportReporter -->
<testsuite skipped="0" hostname="LENOVO" name="module2.DataDrivenTesting" tests="3" failures="0" timestamp="19 Sep 2021 05:43:03 GMT" time="0.046" errors="0">
  <testcase name="testDDT" time="0.012" classname="module2.DataDrivenTesting"/>
  <testcase name="testDDT" time="0.021" classname="module2.DataDrivenTesting"/>
  <testcase name="testDDT" time="0.013" classname="module2.DataDrivenTesting"/>
</testsuite> <!-- module2.DataDrivenTesting -->
