<?xml version="1.0" encoding="UTF-8"?>
<!-- Generated by org.testng.reporters.JUnitReportReporter -->
<testsuite skipped="0" hostname="LENOVO" name="module1.LoginTest" tests="1" failures="0" timestamp="19 Sep 2021 05:20:50 GMT" time="0.002" errors="0">
  <testcase name="testLogin" time="0.002" classname="module1.LoginTest"/>
</testsuite> <!-- module1.LoginTest -->
